# JRE version: OpenJDK Runtime Environment (8.0_242-b01) (build 1.8.0_242-release-1644-b01)
# Java VM: OpenJDK 64-Bit Server VM (25.242-b01 mixed mode windows-amd64 compressed oops)
Heap:
 PSYoungGen      total 320512K, used 164699K [0x00000000e0000000, 0x00000000fbb80000, 0x0000000100000000)
  eden space 195072K, 43% used [0x00000000e0000000,0x00000000e520fde8,0x00000000ebe80000)
  from space 125440K, 64% used [0x00000000f4100000,0x00000000f8fc7110,0x00000000fbb80000)
  to   space 129536K, 0% used [0x00000000ebe80000,0x00000000ebe80000,0x00000000f3d00000)
 ParOldGen       total 306688K, used 257906K [0x00000000a0000000, 0x00000000b2b80000, 0x00000000e0000000)
  object space 306688K, 84% used [0x00000000a0000000,0x00000000afbdc8d0,0x00000000b2b80000)
 Metaspace       used 81253K, capacity 88006K, committed 88152K, reserved 1126400K
  class space    used 10590K, capacity 12062K, committed 12160K, reserved 1048576K
GC Heap History (10 events):
Event: 2593.185 GC heap before
{Heap before GC invocations=28 (full 4):
 PSYoungGen      total 308224K, used 299583K [0x00000000e0000000, 0x00000000fb400000, 0x0000000100000000)
  eden space 243712K, 96% used [0x00000000e0000000,0x00000000ee6023f0,0x00000000eee00000)
  from space 64512K, 99% used [0x00000000ef600000,0x00000000f348d8e8,0x00000000f3500000)
  to   space 101376K, 0% used [0x00000000f5100000,0x00000000f5100000,0x00000000fb400000)
 ParOldGen       total 306688K, used 238110K [0x00000000a0000000, 0x00000000b2b80000, 0x00000000e0000000)
  object space 306688K, 77% used [0x00000000a0000000,0x00000000ae8879c8,0x00000000b2b80000)
 Metaspace       used 80822K, capacity 87732K, committed 87896K, reserved 1124352K
  class space    used 10587K, capacity 12059K, committed 12160K, reserved 1048576K
Event: 2593.231 GC heap after
Heap after GC invocations=28 (full 4):
 PSYoungGen      total 323584K, used 101362K [0x00000000e0000000, 0x00000000fd680000, 0x0000000100000000)
  eden space 222208K, 0% used [0x00000000e0000000,0x00000000e0000000,0x00000000ed900000)
  from space 101376K, 99% used [0x00000000f5100000,0x00000000fb3fc930,0x00000000fb400000)
  to   space 122880K, 0% used [0x00000000ed900000,0x00000000ed900000,0x00000000f5100000)
 ParOldGen       total 306688K, used 254029K [0x00000000a0000000, 0x00000000b2b80000, 0x00000000e0000000)
  object space 306688K, 82% used [0x00000000a0000000,0x00000000af8136f0,0x00000000b2b80000)
 Metaspace       used 80822K, capacity 87732K, committed 87896K, reserved 1124352K
  class space    used 10587K, capacity 12059K, committed 12160K, reserved 1048576K
}
Event: 4281.806 GC heap before
{Heap before GC invocations=29 (full 4):
 PSYoungGen      total 323584K, used 323570K [0x00000000e0000000, 0x00000000fd680000, 0x0000000100000000)
  eden space 222208K, 100% used [0x00000000e0000000,0x00000000ed900000,0x00000000ed900000)
  from space 101376K, 99% used [0x00000000f5100000,0x00000000fb3fc930,0x00000000fb400000)
  to   space 122880K, 0% used [0x00000000ed900000,0x00000000ed900000,0x00000000f5100000)
 ParOldGen       total 306688K, used 254029K [0x00000000a0000000, 0x00000000b2b80000, 0x00000000e0000000)
  object space 306688K, 82% used [0x00000000a0000000,0x00000000af8136f0,0x00000000b2b80000)
 Metaspace       used 81009K, capacity 87814K, committed 88152K, reserved 1126400K
  class space    used 10589K, capacity 12062K, committed 12160K, reserved 1048576K
Event: 4281.905 GC heap after
Heap after GC invocations=29 (full 4):
 PSYoungGen      total 289280K, used 73580K [0x00000000e0000000, 0x00000000fc580000, 0x0000000100000000)
  eden space 215552K, 0% used [0x00000000e0000000,0x00000000e0000000,0x00000000ed280000)
  from space 73728K, 99% used [0x00000000ed900000,0x00000000f20db120,0x00000000f2100000)
  to   space 124416K, 0% used [0x00000000f4c00000,0x00000000f4c00000,0x00000000fc580000)
 ParOldGen       total 306688K, used 257890K [0x00000000a0000000, 0x00000000b2b80000, 0x00000000e0000000)
  object space 306688K, 84% used [0x00000000a0000000,0x00000000afbd88d0,0x00000000b2b80000)
 Metaspace       used 81009K, capacity 87814K, committed 88152K, reserved 1126400K
  class space    used 10589K, capacity 12062K, committed 12160K, reserved 1048576K
}
Event: 4299.115 GC heap before
{Heap before GC invocations=30 (full 4):
 PSYoungGen      total 289280K, used 289132K [0x00000000e0000000, 0x00000000fc580000, 0x0000000100000000)
  eden space 215552K, 100% used [0x00000000e0000000,0x00000000ed280000,0x00000000ed280000)
  from space 73728K, 99% used [0x00000000ed900000,0x00000000f20db120,0x00000000f2100000)
  to   space 124416K, 0% used [0x00000000f4c00000,0x00000000f4c00000,0x00000000fc580000)
 ParOldGen       total 306688K, used 257890K [0x00000000a0000000, 0x00000000b2b80000, 0x00000000e0000000)
  object space 306688K, 84% used [0x00000000a0000000,0x00000000afbd88d0,0x00000000b2b80000)
 Metaspace       used 81047K, capacity 87814K, committed 88152K, reserved 1126400K
  class space    used 10589K, capacity 12062K, committed 12160K, reserved 1048576K
Event: 4299.191 GC heap after
Heap after GC invocations=30 (full 4):
 PSYoungGen      total 331776K, used 94524K [0x00000000e0000000, 0x00000000fcf00000, 0x0000000100000000)
  eden space 207360K, 0% used [0x00000000e0000000,0x00000000e0000000,0x00000000eca80000)
  from space 124416K, 75% used [0x00000000f4c00000,0x00000000fa84f170,0x00000000fc580000)
  to   space 132608K, 0% used [0x00000000eca80000,0x00000000eca80000,0x00000000f4c00000)
 ParOldGen       total 306688K, used 257890K [0x00000000a0000000, 0x00000000b2b80000, 0x00000000e0000000)
  object space 306688K, 84% used [0x00000000a0000000,0x00000000afbd88d0,0x00000000b2b80000)
 Metaspace       used 81047K, capacity 87814K, committed 88152K, reserved 1126400K
  class space    used 10589K, capacity 12062K, committed 12160K, reserved 1048576K
}
Event: 4789.923 GC heap before
{Heap before GC invocations=31 (full 4):
 PSYoungGen      total 331776K, used 301884K [0x00000000e0000000, 0x00000000fcf00000, 0x0000000100000000)
  eden space 207360K, 100% used [0x00000000e0000000,0x00000000eca80000,0x00000000eca80000)
  from space 124416K, 75% used [0x00000000f4c00000,0x00000000fa84f170,0x00000000fc580000)
  to   space 132608K, 0% used [0x00000000eca80000,0x00000000eca80000,0x00000000f4c00000)
 ParOldGen       total 306688K, used 257890K [0x00000000a0000000, 0x00000000b2b80000, 0x00000000e0000000)
  object space 306688K, 84% used [0x00000000a0000000,0x00000000afbd88d0,0x00000000b2b80000)
 Metaspace       used 81057K, capacity 87814K, committed 88152K, reserved 1126400K
  class space    used 10589K, capacity 12062K, committed 12160K, reserved 1048576K
Event: 4789.953 GC heap after
Heap after GC invocations=31 (full 4):
 PSYoungGen      total 244736K, used 43116K [0x00000000e0000000, 0x00000000fbd80000, 0x0000000100000000)
  eden space 201216K, 0% used [0x00000000e0000000,0x00000000e0000000,0x00000000ec480000)
  from space 43520K, 99% used [0x00000000eca80000,0x00000000ef49b110,0x00000000ef500000)
  to   space 127488K, 0% used [0x00000000f4100000,0x00000000f4100000,0x00000000fbd80000)
 ParOldGen       total 306688K, used 257898K [0x00000000a0000000, 0x00000000b2b80000, 0x00000000e0000000)
  object space 306688K, 84% used [0x00000000a0000000,0x00000000afbda8d0,0x00000000b2b80000)
 Metaspace       used 81057K, capacity 87814K, committed 88152K, reserved 1126400K
  class space    used 10589K, capacity 12062K, committed 12160K, reserved 1048576K
}
Event: 5698.203 GC heap before
{Heap before GC invocations=32 (full 4):
 PSYoungGen      total 244736K, used 244332K [0x00000000e0000000, 0x00000000fbd80000, 0x0000000100000000)
  eden space 201216K, 100% used [0x00000000e0000000,0x00000000ec480000,0x00000000ec480000)
  from space 43520K, 99% used [0x00000000eca80000,0x00000000ef49b110,0x00000000ef500000)
  to   space 127488K, 0% used [0x00000000f4100000,0x00000000f4100000,0x00000000fbd80000)
 ParOldGen       total 306688K, used 257898K [0x00000000a0000000, 0x00000000b2b80000, 0x00000000e0000000)
  object space 306688K, 84% used [0x00000000a0000000,0x00000000afbda8d0,0x00000000b2b80000)
 Metaspace       used 81211K, capacity 88006K, committed 88152K, reserved 1126400K
  class space    used 10589K, capacity 12062K, committed 12160K, reserved 1048576K
Event: 5698.273 GC heap after
Heap after GC invocations=32 (full 4):
 PSYoungGen      total 320512K, used 80668K [0x00000000e0000000, 0x00000000fbb80000, 0x0000000100000000)
  eden space 195072K, 0% used [0x00000000e0000000,0x00000000e0000000,0x00000000ebe80000)
  from space 125440K, 64% used [0x00000000f4100000,0x00000000f8fc7110,0x00000000fbb80000)
  to   space 129536K, 0% used [0x00000000ebe80000,0x00000000ebe80000,0x00000000f3d00000)
 ParOldGen       total 306688K, used 257906K [0x00000000a0000000, 0x00000000b2b80000, 0x00000000e0000000)
  object space 306688K, 84% used [0x00000000a0000000,0x00000000afbdc8d0,0x00000000b2b80000)
 Metaspace       used 81211K, capacity 88006K, committed 88152K, reserved 1126400K
  class space    used 10589K, capacity 12062K, committed 12160K, reserved 1048576K
}

